# JRE version: Java(TM) SE Runtime Environment (8.0_20-b26) (build 1.8.0_20-b26)
# Java VM: Java HotSpot(TM) 64-Bit Server VM (25.20-b23 mixed mode windows-amd64 compressed oops)
Heap:
 PSYoungGen      total 232448K, used 11117K [0x00000000d5f80000, 0x00000000e5400000, 0x0000000100000000)
  eden space 221184K, 0% used [0x00000000d5f80000,0x00000000d5f80000,0x00000000e3780000)
  from space 11264K, 98% used [0x00000000e4900000,0x00000000e53db710,0x00000000e5400000)
  to   space 14336K, 0% used [0x00000000e3800000,0x00000000e3800000,0x00000000e4600000)
 ParOldGen       total 53760K, used 10713K [0x0000000081e00000, 0x0000000085280000, 0x00000000d5f80000)
  object space 53760K, 19% used [0x0000000081e00000,0x0000000082876690,0x0000000085280000)
 Metaspace       used 33653K, capacity 35394K, committed 35456K, reserved 1079296K
  class space    used 4644K, capacity 4985K, committed 4992K, reserved 1048576K
GC Heap History (10 events):
Event: 16.496 GC heap after
Heap after GC invocations=5 (full 0):
 PSYoungGen      total 71680K, used 5107K [0x00000000d5f80000, 0x00000000df680000, 0x0000000100000000)
  eden space 66560K, 0% used [0x00000000d5f80000,0x00000000d5f80000,0x00000000da080000)
  from space 5120K, 99% used [0x00000000da080000,0x00000000da57ce70,0x00000000da580000)
  to   space 10752K, 0% used [0x00000000dec00000,0x00000000dec00000,0x00000000df680000)
 ParOldGen       total 87552K, used 7201K [0x0000000081e00000, 0x0000000087380000, 0x00000000d5f80000)
  object space 87552K, 8% used [0x0000000081e00000,0x0000000082508640,0x0000000087380000)
 Metaspace       used 19662K, capacity 20302K, committed 20480K, reserved 1067008K
  class space    used 2617K, capacity 2742K, committed 2816K, reserved 1048576K
}
Event: 16.980 GC heap before
{Heap before GC invocations=6 (full 0):
 PSYoungGen      total 71680K, used 23445K [0x00000000d5f80000, 0x00000000df680000, 0x0000000100000000)
  eden space 66560K, 27% used [0x00000000d5f80000,0x00000000d7168730,0x00000000da080000)
  from space 5120K, 99% used [0x00000000da080000,0x00000000da57ce70,0x00000000da580000)
  to   space 10752K, 0% used [0x00000000dec00000,0x00000000dec00000,0x00000000df680000)
 ParOldGen       total 87552K, used 7201K [0x0000000081e00000, 0x0000000087380000, 0x00000000d5f80000)
  object space 87552K, 8% used [0x0000000081e00000,0x0000000082508640,0x0000000087380000)
 Metaspace       used 20519K, capacity 21188K, committed 21296K, reserved 1067008K
  class space    used 2704K, capacity 2849K, committed 2944K, reserved 1048576K
Event: 16.995 GC heap after
Heap after GC invocations=6 (full 0):
 PSYoungGen      total 141824K, used 5883K [0x00000000d5f80000, 0x00000000df480000, 0x0000000100000000)
  eden space 133120K, 0% used [0x00000000d5f80000,0x00000000d5f80000,0x00000000de180000)
  from space 8704K, 67% used [0x00000000dec00000,0x00000000df1bed78,0x00000000df480000)
  to   space 9728K, 0% used [0x00000000de180000,0x00000000de180000,0x00000000deb00000)
 ParOldGen       total 87552K, used 7201K [0x0000000081e00000, 0x0000000087380000, 0x00000000d5f80000)
  object space 87552K, 8% used [0x0000000081e00000,0x0000000082508640,0x0000000087380000)
 Metaspace       used 20519K, capacity 21188K, committed 21296K, reserved 1067008K
  class space    used 2704K, capacity 2849K, committed 2944K, reserved 1048576K
}
Event: 16.995 GC heap before
{Heap before GC invocations=7 (full 1):
 PSYoungGen      total 141824K, used 5883K [0x00000000d5f80000, 0x00000000df480000, 0x0000000100000000)
  eden space 133120K, 0% used [0x00000000d5f80000,0x00000000d5f80000,0x00000000de180000)
  from space 8704K, 67% used [0x00000000dec00000,0x00000000df1bed78,0x00000000df480000)
  to   space 9728K, 0% used [0x00000000de180000,0x00000000de180000,0x00000000deb00000)
 ParOldGen       total 87552K, used 7201K [0x0000000081e00000, 0x0000000087380000, 0x00000000d5f80000)
  object space 87552K, 8% used [0x0000000081e00000,0x0000000082508640,0x0000000087380000)
 Metaspace       used 20519K, capacity 21188K, committed 21296K, reserved 1067008K
  class space    used 2704K, capacity 2849K, committed 2944K, reserved 1048576K
Event: 17.141 GC heap after
Heap after GC invocations=7 (full 1):
 PSYoungGen      total 141824K, used 0K [0x00000000d5f80000, 0x00000000df480000, 0x0000000100000000)
  eden space 133120K, 0% used [0x00000000d5f80000,0x00000000d5f80000,0x00000000de180000)
  from space 8704K, 0% used [0x00000000dec00000,0x00000000dec00000,0x00000000df480000)
  to   space 9728K, 0% used [0x00000000de180000,0x00000000de180000,0x00000000deb00000)
 ParOldGen       total 53760K, used 7214K [0x0000000081e00000, 0x0000000085280000, 0x00000000d5f80000)
  object space 53760K, 13% used [0x0000000081e00000,0x000000008250b868,0x0000000085280000)
 Metaspace       used 20516K, capacity 21180K, committed 21296K, reserved 1067008K
  class space    used 2702K, capacity 2847K, committed 2944K, reserved 1048576K
}
Event: 22.228 GC heap before
{Heap before GC invocations=8 (full 1):
 PSYoungGen      total 141824K, used 133120K [0x00000000d5f80000, 0x00000000df480000, 0x0000000100000000)
  eden space 133120K, 100% used [0x00000000d5f80000,0x00000000de180000,0x00000000de180000)
  from space 8704K, 0% used [0x00000000dec00000,0x00000000dec00000,0x00000000df480000)
  to   space 9728K, 0% used [0x00000000de180000,0x00000000de180000,0x00000000deb00000)
 ParOldGen       total 53760K, used 7214K [0x0000000081e00000, 0x0000000085280000, 0x00000000d5f80000)
  object space 53760K, 13% used [0x0000000081e00000,0x000000008250b868,0x0000000085280000)
 Metaspace       used 28616K, capacity 30258K, committed 30464K, reserved 1075200K
  class space    used 3916K, capacity 4235K, committed 4352K, reserved 1048576K
Event: 22.256 GC heap after
Heap after GC invocations=8 (full 1):
 PSYoungGen      total 142848K, used 9722K [0x00000000d5f80000, 0x00000000e5580000, 0x0000000100000000)
  eden space 133120K, 0% used [0x00000000d5f80000,0x00000000d5f80000,0x00000000de180000)
  from space 9728K, 99% used [0x00000000de180000,0x00000000deafe978,0x00000000deb00000)
  to   space 12800K, 0% used [0x00000000e4900000,0x00000000e4900000,0x00000000e5580000)
 ParOldGen       total 53760K, used 10705K [0x0000000081e00000, 0x0000000085280000, 0x00000000d5f80000)
  object space 53760K, 19% used [0x0000000081e00000,0x0000000082874690,0x0000000085280000)
 Metaspace       used 28616K, capacity 30258K, committed 30464K, reserved 1075200K
  class space    used 3916K, capacity 4235K, committed 4352K, reserved 1048576K
}
Event: 26.693 GC heap before
{Heap before GC invocations=9 (full 1):
 PSYoungGen      total 142848K, used 142282K [0x00000000d5f80000, 0x00000000e5580000, 0x0000000100000000)
  eden space 133120K, 99% used [0x00000000d5f80000,0x00000000de0f3ff0,0x00000000de180000)
  from space 9728K, 99% used [0x00000000de180000,0x00000000deafe978,0x00000000deb00000)
  to   space 12800K, 0% used [0x00000000e4900000,0x00000000e4900000,0x00000000e5580000)
 ParOldGen       total 53760K, used 10705K [0x0000000081e00000, 0x0000000085280000, 0x00000000d5f80000)
  object space 53760K, 19% used [0x0000000081e00000,0x0000000082874690,0x0000000085280000)
 Metaspace       used 33653K, capacity 35394K, committed 35456K, reserved 1079296K
  class space    used 4644K, capacity 4985K, committed 4992K, reserved 1048576K
Event: 26.720 GC heap after
Heap after GC invocations=9 (full 1):
 PSYoungGen      total 232448K, used 11117K [0x00000000d5f80000, 0x00000000e5400000, 0x0000000100000000)
  eden space 221184K, 0% used [0x00000000d5f80000,0x00000000d5f80000,0x00000000e3780000)
  from space 11264K, 98% used [0x00000000e4900000,0x00000000e53db710,0x00000000e5400000)
  to   space 14336K, 0% used [0x00000000e3800000,0x00000000e3800000,0x00000000e4600000)
 ParOldGen       total 53760K, used 10713K [0x0000000081e00000, 0x0000000085280000, 0x00000000d5f80000)
  object space 53760K, 19% used [0x0000000081e00000,0x0000000082876690,0x0000000085280000)
 Metaspace       used 33653K, capacity 35394K, committed 35456K, reserved 1079296K
  class space    used 4644K, capacity 4985K, committed 4992K, reserved 1048576K
}
Event: 26.720 GC heap before
{Heap before GC invocations=10 (full 2):
 PSYoungGen      total 232448K, used 11117K [0x00000000d5f80000, 0x00000000e5400000, 0x0000000100000000)
  eden space 221184K, 0% used [0x00000000d5f80000,0x00000000d5f80000,0x00000000e3780000)
  from space 11264K, 98% used [0x00000000e4900000,0x00000000e53db710,0x00000000e5400000)
  to   space 14336K, 0% used [0x00000000e3800000,0x00000000e3800000,0x00000000e4600000)
 ParOldGen       total 53760K, used 10713K [0x0000000081e00000, 0x0000000085280000, 0x00000000d5f80000)
  object space 53760K, 19% used [0x0000000081e00000,0x0000000082876690,0x0000000085280000)
 Metaspace       used 33653K, capacity 35394K, committed 35456K, reserved 1079296K
  class space    used 4644K, capacity 4985K, committed 4992K, reserved 1048576K

