# JRE version: Java(TM) SE Runtime Environment (8.0_20-b26) (build 1.8.0_20-b26)
# Java VM: Java HotSpot(TM) 64-Bit Server VM (25.20-b23 mixed mode windows-amd64 compressed oops)
Heap:
 PSYoungGen      total 195584K, used 9662K [0x00000000d5f80000, 0x00000000e4980000, 0x0000000100000000)
  eden space 173056K, 0% used [0x00000000d5f80000,0x00000000d5f80000,0x00000000e0880000)
  from space 22528K, 42% used [0x00000000e0880000,0x00000000e11ef938,0x00000000e1e80000)
  to   space 21504K, 0% used [0x00000000e3480000,0x00000000e3480000,0x00000000e4980000)
 ParOldGen       total 88064K, used 54643K [0x0000000081e00000, 0x0000000087400000, 0x00000000d5f80000)
  object space 88064K, 62% used [0x0000000081e00000,0x000000008535cdc0,0x0000000087400000)
 Metaspace       used 34490K, capacity 35400K, committed 35496K, reserved 1081344K
  class space    used 4035K, capacity 4339K, committed 4352K, reserved 1048576K
GC Heap History (10 events):
Event: 20.801 GC heap after
Heap after GC invocations=10 (full 1):
 PSYoungGen      total 147456K, used 16375K [0x00000000d5f80000, 0x00000000e1d80000, 0x0000000100000000)
  eden space 131072K, 0% used [0x00000000d5f80000,0x00000000d5f80000,0x00000000ddf80000)
  from space 16384K, 99% used [0x00000000ddf80000,0x00000000def7dd10,0x00000000def80000)
  to   space 18944K, 0% used [0x00000000e0b00000,0x00000000e0b00000,0x00000000e1d80000)
 ParOldGen       total 88064K, used 29049K [0x0000000081e00000, 0x0000000087400000, 0x00000000d5f80000)
  object space 88064K, 32% used [0x0000000081e00000,0x0000000083a5e568,0x0000000087400000)
 Metaspace       used 23310K, capacity 24006K, committed 24192K, reserved 1071104K
  class space    used 2717K, capacity 2929K, committed 2944K, reserved 1048576K
}
Event: 27.579 GC heap before
{Heap before GC invocations=11 (full 1):
 PSYoungGen      total 147456K, used 147447K [0x00000000d5f80000, 0x00000000e1d80000, 0x0000000100000000)
  eden space 131072K, 100% used [0x00000000d5f80000,0x00000000ddf80000,0x00000000ddf80000)
  from space 16384K, 99% used [0x00000000ddf80000,0x00000000def7dd10,0x00000000def80000)
  to   space 18944K, 0% used [0x00000000e0b00000,0x00000000e0b00000,0x00000000e1d80000)
 ParOldGen       total 88064K, used 29049K [0x0000000081e00000, 0x0000000087400000, 0x00000000d5f80000)
  object space 88064K, 32% used [0x0000000081e00000,0x0000000083a5e568,0x0000000087400000)
 Metaspace       used 25301K, capacity 26058K, committed 26240K, reserved 1073152K
  class space    used 2905K, capacity 3134K, committed 3200K, reserved 1048576K
Event: 27.629 GC heap after
Heap after GC invocations=11 (full 1):
 PSYoungGen      total 171008K, used 18919K [0x00000000d5f80000, 0x00000000e2400000, 0x0000000100000000)
  eden space 152064K, 0% used [0x00000000d5f80000,0x00000000d5f80000,0x00000000df400000)
  from space 18944K, 99% used [0x00000000e0b00000,0x00000000e1d79e98,0x00000000e1d80000)
  to   space 23552K, 0% used [0x00000000df400000,0x00000000df400000,0x00000000e0b00000)
 ParOldGen       total 88064K, used 36284K [0x0000000081e00000, 0x0000000087400000, 0x00000000d5f80000)
  object space 88064K, 41% used [0x0000000081e00000,0x000000008416f128,0x0000000087400000)
 Metaspace       used 25301K, capacity 26058K, committed 26240K, reserved 1073152K
  class space    used 2905K, capacity 3134K, committed 3200K, reserved 1048576K
}
Event: 31.831 GC heap before
{Heap before GC invocations=12 (full 1):
 PSYoungGen      total 171008K, used 170983K [0x00000000d5f80000, 0x00000000e2400000, 0x0000000100000000)
  eden space 152064K, 100% used [0x00000000d5f80000,0x00000000df400000,0x00000000df400000)
  from space 18944K, 99% used [0x00000000e0b00000,0x00000000e1d79e98,0x00000000e1d80000)
  to   space 23552K, 0% used [0x00000000df400000,0x00000000df400000,0x00000000e0b00000)
 ParOldGen       total 88064K, used 36284K [0x0000000081e00000, 0x0000000087400000, 0x00000000d5f80000)
  object space 88064K, 41% used [0x0000000081e00000,0x000000008416f128,0x0000000087400000)
 Metaspace       used 27637K, capacity 28552K, committed 28800K, reserved 1075200K
  class space    used 3161K, capacity 3407K, committed 3456K, reserved 1048576K
Event: 31.871 GC heap after
Heap after GC invocations=12 (full 1):
 PSYoungGen      total 175616K, used 7018K [0x00000000d5f80000, 0x00000000e3b00000, 0x0000000100000000)
  eden space 152064K, 0% used [0x00000000d5f80000,0x00000000d5f80000,0x00000000df400000)
  from space 23552K, 29% used [0x00000000df400000,0x00000000dfada818,0x00000000e0b00000)
  to   space 23552K, 0% used [0x00000000e2400000,0x00000000e2400000,0x00000000e3b00000)
 ParOldGen       total 88064K, used 54627K [0x0000000081e00000, 0x0000000087400000, 0x00000000d5f80000)
  object space 88064K, 62% used [0x0000000081e00000,0x0000000085358dc0,0x0000000087400000)
 Metaspace       used 27637K, capacity 28552K, committed 28800K, reserved 1075200K
  class space    used 3161K, capacity 3407K, committed 3456K, reserved 1048576K
}
Event: 69.942 GC heap before
{Heap before GC invocations=13 (full 1):
 PSYoungGen      total 175616K, used 159082K [0x00000000d5f80000, 0x00000000e3b00000, 0x0000000100000000)
  eden space 152064K, 100% used [0x00000000d5f80000,0x00000000df400000,0x00000000df400000)
  from space 23552K, 29% used [0x00000000df400000,0x00000000dfada818,0x00000000e0b00000)
  to   space 23552K, 0% used [0x00000000e2400000,0x00000000e2400000,0x00000000e3b00000)
 ParOldGen       total 88064K, used 54627K [0x0000000081e00000, 0x0000000087400000, 0x00000000d5f80000)
  object space 88064K, 62% used [0x0000000081e00000,0x0000000085358dc0,0x0000000087400000)
 Metaspace       used 33083K, capacity 33952K, committed 34048K, reserved 1079296K
  class space    used 3794K, capacity 4091K, committed 4096K, reserved 1048576K
Event: 69.958 GC heap after
Heap after GC invocations=13 (full 1):
 PSYoungGen      total 189952K, used 9378K [0x00000000d5f80000, 0x00000000e3480000, 0x0000000100000000)
  eden space 173056K, 0% used [0x00000000d5f80000,0x00000000d5f80000,0x00000000e0880000)
  from space 16896K, 55% used [0x00000000e2400000,0x00000000e2d28800,0x00000000e3480000)
  to   space 22528K, 0% used [0x00000000e0880000,0x00000000e0880000,0x00000000e1e80000)
 ParOldGen       total 88064K, used 54635K [0x0000000081e00000, 0x0000000087400000, 0x00000000d5f80000)
  object space 88064K, 62% used [0x0000000081e00000,0x000000008535adc0,0x0000000087400000)
 Metaspace       used 33083K, capacity 33952K, committed 34048K, reserved 1079296K
  class space    used 3794K, capacity 4091K, committed 4096K, reserved 1048576K
}
Event: 71.515 GC heap before
{Heap before GC invocations=14 (full 1):
 PSYoungGen      total 189952K, used 61121K [0x00000000d5f80000, 0x00000000e3480000, 0x0000000100000000)
  eden space 173056K, 29% used [0x00000000d5f80000,0x00000000d9207c60,0x00000000e0880000)
  from space 16896K, 55% used [0x00000000e2400000,0x00000000e2d28800,0x00000000e3480000)
  to   space 22528K, 0% used [0x00000000e0880000,0x00000000e0880000,0x00000000e1e80000)
 ParOldGen       total 88064K, used 54635K [0x0000000081e00000, 0x0000000087400000, 0x00000000d5f80000)
  object space 88064K, 62% used [0x0000000081e00000,0x000000008535adc0,0x0000000087400000)
 Metaspace       used 34490K, capacity 35400K, committed 35496K, reserved 1081344K
  class space    used 4035K, capacity 4339K, committed 4352K, reserved 1048576K
Event: 71.530 GC heap after
Heap after GC invocations=14 (full 1):
 PSYoungGen      total 195584K, used 9662K [0x00000000d5f80000, 0x00000000e4980000, 0x0000000100000000)
  eden space 173056K, 0% used [0x00000000d5f80000,0x00000000d5f80000,0x00000000e0880000)
  from space 22528K, 42% used [0x00000000e0880000,0x00000000e11ef938,0x00000000e1e80000)
  to   space 21504K, 0% used [0x00000000e3480000,0x00000000e3480000,0x00000000e4980000)
 ParOldGen       total 88064K, used 54643K [0x0000000081e00000, 0x0000000087400000, 0x00000000d5f80000)
  object space 88064K, 62% used [0x0000000081e00000,0x000000008535cdc0,0x0000000087400000)
 Metaspace       used 34490K, capacity 35400K, committed 35496K, reserved 1081344K
  class space    used 4035K, capacity 4339K, committed 4352K, reserved 1048576K
}
Event: 71.530 GC heap before
{Heap before GC invocations=15 (full 2):
 PSYoungGen      total 195584K, used 9662K [0x00000000d5f80000, 0x00000000e4980000, 0x0000000100000000)
  eden space 173056K, 0% used [0x00000000d5f80000,0x00000000d5f80000,0x00000000e0880000)
  from space 22528K, 42% used [0x00000000e0880000,0x00000000e11ef938,0x00000000e1e80000)
  to   space 21504K, 0% used [0x00000000e3480000,0x00000000e3480000,0x00000000e4980000)
 ParOldGen       total 88064K, used 54643K [0x0000000081e00000, 0x0000000087400000, 0x00000000d5f80000)
  object space 88064K, 62% used [0x0000000081e00000,0x000000008535cdc0,0x0000000087400000)
 Metaspace       used 34490K, capacity 35400K, committed 35496K, reserved 1081344K
  class space    used 4035K, capacity 4339K, committed 4352K, reserved 1048576K

